Fitter Place Stage Report for soc_top
Fri May 23 16:11:57 2025
Quartus Prime Version 25.1.0 Build 129 03/26/2025 SC Pro Edition


---------------------
; Table of Contents ;
---------------------
  1. Legal Notice
  2. Fitter Resource Usage Summary
  3. Fitter Resource Utilization by Entity
  4. Place Messages



----------------
; Legal Notice ;
----------------
Copyright (C) 2025  Altera Corporation. All rights reserved.
Your use of Altera Corporation's design tools, logic functions 
and other software and tools, and any partner logic 
functions, and any output files from any of the foregoing 
(including device programming or simulation files), and any 
associated documentation or information are expressly subject 
to the terms and conditions of the Altera Program License 
Subscription Agreement, the Altera Quartus Prime License Agreement,
the Altera IP License Agreement, or other applicable license
agreement, including, without limitation, that your use is for
the sole purpose of programming logic devices manufactured by
Altera and sold by Altera or its authorized distributors.  Please
refer to the Altera Software License Subscription Agreements 
on the Quartus Prime software download page.



+--------------------------------------------------------------------------------------+
; Fitter Resource Usage Summary                                                        ;
+-------------------------------------------------------------+----------------+-------+
; Resource                                                    ; Usage          ; %     ;
+-------------------------------------------------------------+----------------+-------+
; Usage Report Generated after: Place                         ;                ;       ;
;                                                             ;                ;       ;
; Logic utilization (ALMs needed / total ALMs on device)      ; 131 / 80,330   ; < 1 % ;
; ALMs needed [=A-B+C]                                        ; 131            ;       ;
;     [A] ALMs used in final placement [=a+b+c+d]             ; 156 / 80,330   ; < 1 % ;
;         [a] ALMs used for LUT logic and registers           ; 65             ;       ;
;         [b] ALMs used for LUT logic                         ; 19             ;       ;
;         [c] ALMs used for registers                         ; 72             ;       ;
;         [d] ALMs used for memory (up to half of total ALMs) ; 0              ;       ;
;     [B] Estimate of ALMs recoverable by dense packing       ; 25 / 80,330    ; < 1 % ;
;     [C] Estimate of ALMs unavailable [=a+b+c+d]             ; 0 / 80,330     ; 0 %   ;
;         [a] Due to location constrained logic               ; 0              ;       ;
;         [b] Due to LAB-wide signal conflicts                ; 0              ;       ;
;         [c] Due to LAB input limits                         ; 0              ;       ;
;         [d] Due to virtual I/Os                             ; 0              ;       ;
;                                                             ;                ;       ;
; Difficulty packing design                                   ; Low            ;       ;
;                                                             ;                ;       ;
; Total LABs:  partially or completely used                   ; 23 / 8,033     ; < 1 % ;
;     -- Logic LABs                                           ; 23             ;       ;
;     -- Memory LABs (up to half of total LABs)               ; 0              ;       ;
;                                                             ;                ;       ;
; Combinational ALUT usage for logic                          ; 153            ;       ;
;     -- 7 input functions                                    ; 0              ;       ;
;     -- 6 input functions                                    ; 18             ;       ;
;     -- 5 input functions                                    ; 12             ;       ;
;     -- 4 input functions                                    ; 4              ;       ;
;     -- <=3 input functions                                  ; 119            ;       ;
; Combinational ALUT usage for route-throughs                 ; 140            ;       ;
;                                                             ;                ;       ;
; Dedicated logic registers                                   ; 349            ;       ;
;     -- By type:                                             ;                ;       ;
;         -- Primary logic registers                          ; 273 / 160,660  ; < 1 % ;
;         -- Secondary logic registers                        ; 76 / 160,660   ; < 1 % ;
;     -- By function:                                         ;                ;       ;
;         -- Design implementation registers                  ; 349            ;       ;
;         -- Routing optimization registers                   ; 0              ;       ;
;                                                             ;                ;       ;
; ALMs adjustment for power estimation                        ; 14             ;       ;
;                                                             ;                ;       ;
; Virtual pins                                                ; 0              ;       ;
; I/O pins                                                    ; 276 / 340      ; 81 %  ;
;     -- Clock pins                                           ; 1 / 16         ; 6 %   ;
;     -- Dedicated input pins                                 ; 0 / 35         ; 0 %   ;
;                                                             ;                ;       ;
; M20K blocks                                                 ; 0 / 587        ; 0 %   ;
; Total MLAB memory bits                                      ; 0              ;       ;
; Total block memory bits                                     ; 0 / 12,021,760 ; 0 %   ;
;                                                             ;                ;       ;
; DSP Blocks Needed [=A+B+C-D]                                ; 0 / 192        ; 0 %   ;
;     [A] Total Fixed Point DSP Blocks                        ; 0              ;       ;
;     [B] Total Floating Point DSP Blocks                     ; 0              ;       ;
;     [C] Total DSP_PRIME Blocks                              ; 0              ;       ;
;     [D] Estimate of DSP Blocks recoverable by dense merging ; 0              ;       ;
;                                                             ;                ;       ;
; IOPLLs                                                      ; 0 / 6          ; 0 %   ;
; FPLLs                                                       ; 0 / 4          ; 0 %   ;
; Global signals                                              ; 0              ;       ;
;     -- Global clocks                                        ; 0 / 32         ; 0 %   ;
;     -- Regional clocks                                      ; 0 / 8          ; 0 %   ;
;     -- Periphery clocks                                     ; 0 / 144        ; 0 %   ;
; JTAGs                                                       ; 0 / 1          ; 0 %   ;
; ASMI blocks                                                 ; 0 / 1          ; 0 %   ;
; CRC blocks                                                  ; 0 / 1          ; 0 %   ;
; Remote update blocks                                        ; 0 / 1          ; 0 %   ;
; Oscillator blocks                                           ; 0 / 1          ; 0 %   ;
; PCIe Hard IPs                                               ; 0 / 1          ; 0 %   ;
; HSSI RX PCSs                                                ; 0 / 12         ; 0 %   ;
; HSSI PMA RX DESERs                                          ; 0 / 12         ; 0 %   ;
; HSSI TX PCSs                                                ; 0 / 12         ; 0 %   ;
; HSSI PMA TX SERs                                            ; 0 / 12         ; 0 %   ;
; HSSI CDR PLL                                                ; 0 / 12         ; 0 %   ;
;     -- CDR PLLs for Unused RX Clock Workaround              ; 0 / 12         ; 0 %   ;
; HSSI ATX PLL                                                ; 0 / 4          ; 0 %   ;
; Impedance control blocks                                    ; 0 / 7          ; 0 %   ;
; Maximum fan-out                                             ; 236            ;       ;
; Highest non-global fan-out                                  ; 236            ;       ;
; Total fan-out                                               ; 1638           ;       ;
; Average fan-out                                             ; 1.89           ;       ;
+-------------------------------------------------------------+----------------+-------+
The Fitter Resource Usage Summary report displays a detailed analysis of logic utilization based on calculations of ALM usage. Refer to <a class="xref" href="https://www.intel.com/content/www/us/en/programmable/quartushelp/current/index.htm#mapIdTopics/mwh1465496451103.htm" target="_blank">Fitter Resource Usage Summary Report</a> in the <i>Intel® Quartus® Prime Pro Edition Help</i> for more information.


+--------------------------------------------------------------------------------------------------------------------------------------------------------------------------------------------------------------------------------------------------------------------------------------------------------------------------------------------------------------------------------------------------------------------------------------------------------------------------------------------------------------+
; Fitter Resource Utilization by Entity                                                                                                                                                                                                                                                                                                                                                                                                                                                                        ;
+----------------------------+----------------------+----------------------------------+---------------------------------------------------+----------------------------------+----------------------+---------------------+---------------------------+---------------+-------------------+-------+--------------------------+----------------------------------------+---------------------------------------------------+------+--------------+--------+---------------------+---------------+--------------+
; Compilation Hierarchy Node ; ALMs needed [=A-B+C] ; [A] ALMs used in final placement ; [B] Estimate of ALMs recoverable by dense packing ; [C] Estimate of ALMs unavailable ; ALMs used for memory ; Combinational ALUTs ; Dedicated Logic Registers ; I/O Registers ; Block Memory Bits ; M20Ks ; DSP Blocks needed [=A-B] ; [A] DSP Blocks used in final placement ; [B] Estimate of DSPs recoverable by dense merging ; Pins ; Virtual Pins ; IOPLLs ; Full Hierarchy Name ; Entity Name   ; Library Name ;
+----------------------------+----------------------+----------------------------------+---------------------------------------------------+----------------------------------+----------------------+---------------------+---------------------------+---------------+-------------------+-------+--------------------------+----------------------------------------+---------------------------------------------------+------+--------------+--------+---------------------+---------------+--------------+
; |                          ; 131.0 (11.3)         ; 155.5 (11.3)                     ; 24.5 (0.0)                                        ; 0.0 (0.0)                        ; 0.0 (0.0)            ; 153 (22)            ; 349 (16)                  ; 0 (0)         ; 0                 ; 0     ; 0                        ; 0                                      ; 0                                                 ; 552  ; 0            ; 0 (0)  ; |                   ; soc_top       ; altera_work  ;
;    |u_axi_slave|           ; 21.5 (21.5)          ; 38.5 (38.5)                      ; 17.0 (17.0)                                       ; 0.0 (0.0)                        ; 0.0 (0.0)            ; 5 (5)               ; 97 (97)                   ; 0 (0)         ; 0                 ; 0     ; 0                        ; 0                                      ; 0                                                 ; 0    ; 0            ; 0 (0)  ; u_axi_slave         ; dma_axi_slave ; altera_work  ;
;    |u_clk_gate|            ; 0.4 (0.4)            ; 0.4 (0.4)                        ; 0.0 (0.0)                                         ; 0.0 (0.0)                        ; 0.0 (0.0)            ; 1 (1)               ; 0 (0)                     ; 0 (0)         ; 0                 ; 0     ; 0                        ; 0                                      ; 0                                                 ; 0    ; 0            ; 0 (0)  ; u_clk_gate          ; clock_gate    ; altera_work  ;
;    |u_dma|                 ; 97.5 (97.5)          ; 105.3 (105.3)                    ; 7.8 (7.8)                                         ; 0.0 (0.0)                        ; 0.0 (0.0)            ; 125 (125)           ; 236 (236)                 ; 0 (0)         ; 0                 ; 0     ; 0                        ; 0                                      ; 0                                                 ; 0    ; 0            ; 0 (0)  ; u_dma               ; dma_core      ; altera_work  ;
+----------------------------+----------------------+----------------------------------+---------------------------------------------------+----------------------------------+----------------------+---------------------+---------------------------+---------------+-------------------+-------+--------------------------+----------------------------------------+---------------------------------------------------+------+--------------+--------+---------------------+---------------+--------------+
Note: For table entries with two numbers listed, the numbers in parentheses indicate the number of resources of the given type used by the specific entity alone. The numbers listed outside of parentheses indicate the total resources of the given type used by the specific entity and all of its sub-entities in the hierarchy.


+----------------+
; Place Messages ;
+----------------+
Info (20030): Parallel compilation is enabled and will use 4 of the 4 processors detected
Info: *******************************************************************
Info: Running Quartus Prime Fitter
    Info: Version 25.1.0 Build 129 03/26/2025 SC Pro Edition
    Info: Processing started: Fri May 23 16:11:15 2025
    Info: System process ID: 6996
Info: Command: quartus_fit --read_settings_files=on --write_settings_files=off dma_axi_lp -c soc_top
Info: qfit2_default_script.tcl version: #1
Info: Project  = dma_axi_lp
Info: Revision = soc_top
Info (11165): Fitter preparation operations ending: elapsed time is 00:00:15
Info (22300): Design uses Placement Effort Multiplier = 1.0.
Info (170189): Fitter placement preparation operations beginning
Info (25141): The Fitter is using Advanced Physical Optimization.
Info (170190): Fitter placement preparation operations ending: elapsed time is 00:00:02
Info (25133): Total time spent on timing analysis during Global Placement is 0.27 seconds.
Info (22300): Design uses Placement Effort Multiplier = 1.0.
Info (170189): Fitter placement preparation operations beginning
Info (170190): Fitter placement preparation operations ending: elapsed time is 00:00:01
Info (170191): Fitter placement operations beginning
Info (170137): Fitter placement was successful
Info (170192): Fitter placement operations ending: elapsed time is 00:00:04
Info (25133): Total time spent on timing analysis during Placement is 0.00 seconds.


